c:\users\kq\documents\visual studio 2015\projects\multi_para monitor v3\debug\multi_para monitor.pch
c:\users\kq\documents\visual studio 2015\projects\multi_para monitor v3\debug\vc140.pdb
c:\users\kq\documents\visual studio 2015\projects\multi_para monitor v3\debug\vc140.idb
c:\users\kq\documents\visual studio 2015\projects\multi_para monitor v3\debug\stdafx.obj
c:\users\kq\documents\visual studio 2015\projects\multi_para monitor v3\debug\debuginfodlg.obj
c:\users\kq\documents\visual studio 2015\projects\multi_para monitor v3\debug\kirim.obj
c:\users\kq\documents\visual studio 2015\projects\multi_para monitor v3\debug\maindlg.obj
c:\users\kq\documents\visual studio 2015\projects\multi_para monitor v3\debug\multi_para monitor.obj
c:\users\kq\documents\visual studio 2015\projects\multi_para monitor v3\debug\multi_para monitordlg.obj
c:\users\kq\documents\visual studio 2015\projects\multi_para monitor v3\debug\nbpcalidlg.obj
c:\users\kq\documents\visual studio 2015\projects\multi_para monitor v3\debug\nibpinfo.obj
c:\users\kq\documents\visual studio 2015\projects\multi_para monitor v3\debug\setpatientdlg.obj
c:\users\kq\documents\visual studio 2015\projects\multi_para monitor v3\debug\showtimethread.obj
c:\users\kq\documents\visual studio 2015\projects\multi_para monitor v3\debug\spo2info.obj
c:\users\kq\documents\visual studio 2015\projects\multi_para monitor v3\debug\spo2wave.obj
c:\users\kq\documents\visual studio 2015\projects\multi_para monitor v3\debug\staticcuffprsinfo.obj
c:\users\kq\documents\visual studio 2015\projects\multi_para monitor v3\debug\staticecginfo.obj
c:\users\kq\documents\visual studio 2015\projects\multi_para monitor v3\debug\staticecgwave.obj
c:\users\kq\documents\visual studio 2015\projects\multi_para monitor v3\debug\staticrespinfo.obj
c:\users\kq\documents\visual studio 2015\projects\multi_para monitor v3\debug\staticrespwave.obj
c:\users\kq\documents\visual studio 2015\projects\multi_para monitor v3\debug\staticresultinfo.obj
c:\users\kq\documents\visual studio 2015\projects\multi_para monitor v3\debug\statictempinfo.obj
c:\users\kq\documents\visual studio 2015\projects\multi_para monitor v3\debug\staticwave.obj
c:\users\kq\documents\visual studio 2015\projects\multi_para monitor v3\debug\transparentbutton.obj
c:\users\kq\documents\visual studio 2015\projects\multi_para monitor v3\debug\colorstatic.obj
c:\users\kq\documents\visual studio 2015\projects\multi_para monitor v3\debug\comport.obj
c:\users\kq\documents\visual studio 2015\projects\multi_para monitor v3\debug\comwatchthread.obj
c:\users\kq\documents\visual studio 2015\projects\multi_para monitor v3\debug\multi_para monitor.ilk
c:\users\kq\documents\visual studio 2015\projects\multi_para monitor v3\debug\multi_para monitor.exe
c:\users\kq\documents\visual studio 2015\projects\multi_para monitor v3\debug\multi_para monitor.pdb
c:\users\kq\documents\visual studio 2015\projects\multi_para monitor v3\debug\multi_para monitor.res
c:\users\kq\documents\visual studio 2015\projects\multi_para monitor v3\debug\multi_pa.3ba55501.tlog\cl.command.1.tlog
c:\users\kq\documents\visual studio 2015\projects\multi_para monitor v3\debug\multi_pa.3ba55501.tlog\cl.read.1.tlog
c:\users\kq\documents\visual studio 2015\projects\multi_para monitor v3\debug\multi_pa.3ba55501.tlog\cl.write.1.tlog
c:\users\kq\documents\visual studio 2015\projects\multi_para monitor v3\debug\multi_pa.3ba55501.tlog\link.command.1.tlog
c:\users\kq\documents\visual studio 2015\projects\multi_para monitor v3\debug\multi_pa.3ba55501.tlog\link.read.1.tlog
c:\users\kq\documents\visual studio 2015\projects\multi_para monitor v3\debug\multi_pa.3ba55501.tlog\link.write.1.tlog
c:\users\kq\documents\visual studio 2015\projects\multi_para monitor v3\debug\multi_pa.3ba55501.tlog\rc.command.1.tlog
c:\users\kq\documents\visual studio 2015\projects\multi_para monitor v3\debug\multi_pa.3ba55501.tlog\rc.read.1.tlog
c:\users\kq\documents\visual studio 2015\projects\multi_para monitor v3\debug\multi_pa.3ba55501.tlog\rc.write.1.tlog
